SF:lib\src\core\data\data_sources\remote\weather_api_service.g.dart
DA:12,0
DA:16,0
DA:23,0
DA:33,0
DA:40,0
DA:41,0
DA:43,0
DA:44,0
DA:49,0
DA:50,0
DA:55,0
DA:56,0
DA:57,0
DA:58,0
DA:60,0
DA:61,0
DA:65,0
DA:75,0
DA:82,0
DA:83,0
DA:85,0
DA:86,0
DA:91,0
DA:92,0
DA:97,0
DA:98,0
DA:99,0
DA:100,0
DA:102,0
DA:103,0
DA:107,0
DA:108,0
DA:109,0
DA:110,0
DA:111,0
DA:112,0
DA:114,0
DA:120,0
DA:124,0
DA:128,0
DA:130,0
DA:131,0
DA:134,0
LF:43
LH:0
end_of_record
SF:lib\src\core\data\models\current_weather.dart
DA:18,1
DA:24,2
DA:26,0
DA:28,0
DA:29,0
DA:30,0
DA:31,0
DA:32,0
DA:33,0
DA:34,0
DA:35,0
DA:36,0
DA:37,0
DA:38,0
DA:39,0
DA:40,0
LF:16
LH:2
end_of_record
SF:lib\src\core\data\models\current_weather.g.dart
DA:9,1
DA:10,1
DA:12,2
DA:13,2
DA:15,2
DA:18,0
DA:20,0
DA:21,0
DA:22,0
DA:23,0
LF:10
LH:5
end_of_record
SF:lib\src\core\data\models\weakly_weather.dart
DA:17,1
DA:23,2
DA:25,0
LF:3
LH:2
end_of_record
SF:lib\src\core\data\models\weakly_weather.g.dart
DA:9,1
DA:10,1
DA:12,2
DA:13,2
DA:15,2
DA:18,0
DA:19,0
DA:20,0
DA:21,0
DA:22,0
LF:10
LH:5
end_of_record
SF:lib\src\core\utils\extensions\context_extension.dart
DA:6,0
LF:1
LH:0
end_of_record
SF:lib\src\core\data\models\astro.dart
DA:24,1
DA:35,2
DA:37,0
LF:3
LH:2
end_of_record
SF:lib\src\core\data\models\astro.g.dart
DA:9,2
DA:10,1
DA:11,1
DA:12,1
DA:13,1
DA:14,1
DA:15,1
DA:16,1
DA:17,1
DA:20,0
DA:21,0
DA:22,0
DA:23,0
DA:24,0
DA:25,0
DA:26,0
DA:27,0
DA:28,0
DA:29,0
LF:19
LH:9
end_of_record
SF:lib\src\core\data\models\condition.dart
DA:14,1
DA:20,2
DA:22,0
LF:3
LH:2
end_of_record
SF:lib\src\core\data\models\condition.g.dart
DA:9,1
DA:10,1
DA:11,1
DA:12,1
DA:13,1
DA:16,0
DA:17,0
DA:18,0
DA:19,0
DA:20,0
LF:10
LH:5
end_of_record
SF:lib\src\core\data\models\current.dart
DA:55,1
DA:81,2
DA:83,0
LF:3
LH:2
end_of_record
SF:lib\src\core\data\models\current.g.dart
DA:9,2
DA:10,1
DA:11,1
DA:12,2
DA:13,2
DA:14,1
DA:16,2
DA:17,2
DA:18,2
DA:19,1
DA:20,1
DA:21,2
DA:22,2
DA:23,2
DA:24,2
DA:25,1
DA:26,1
DA:27,2
DA:28,2
DA:29,2
DA:30,2
DA:31,2
DA:32,2
DA:33,2
DA:36,0
DA:37,0
DA:38,0
DA:39,0
DA:40,0
DA:41,0
DA:42,0
DA:43,0
DA:44,0
DA:45,0
DA:46,0
DA:47,0
DA:48,0
DA:49,0
DA:50,0
DA:51,0
DA:52,0
DA:53,0
DA:54,0
DA:55,0
DA:56,0
DA:57,0
DA:58,0
DA:59,0
DA:60,0
LF:49
LH:24
end_of_record
SF:lib\src\core\data\models\current_forecast_day.dart
DA:21,1
DA:29,2
DA:31,0
LF:3
LH:2
end_of_record
SF:lib\src\core\data\models\forecast_day.g.dart
DA:9,2
DA:10,2
DA:11,1
DA:12,2
DA:13,2
DA:14,5
DA:17,0
DA:18,0
DA:19,0
DA:20,0
DA:21,0
DA:22,0
LF:12
LH:6
end_of_record
SF:lib\src\core\data\models\day.dart
DA:49,1
DA:72,2
DA:74,0
LF:3
LH:2
end_of_record
SF:lib\src\core\data\models\day.g.dart
DA:9,2
DA:10,2
DA:11,2
DA:12,2
DA:13,2
DA:14,2
DA:15,2
DA:16,2
DA:17,2
DA:18,2
DA:19,2
DA:20,2
DA:21,2
DA:22,2
DA:23,2
DA:24,1
DA:25,1
DA:26,1
DA:27,1
DA:29,2
DA:30,2
DA:33,0
DA:34,0
DA:35,0
DA:36,0
DA:37,0
DA:38,0
DA:39,0
DA:40,0
DA:41,0
DA:42,0
DA:43,0
DA:44,0
DA:45,0
DA:46,0
DA:47,0
DA:48,0
DA:49,0
DA:50,0
DA:51,0
DA:52,0
DA:53,0
LF:42
LH:21
end_of_record
SF:lib\src\core\data\models\hour.dart
DA:76,1
DA:112,2
DA:114,0
DA:116,0
LF:4
LH:2
end_of_record
SF:lib\src\core\data\models\hour.g.dart
DA:9,2
DA:10,1
DA:11,1
DA:12,2
DA:13,2
DA:14,1
DA:16,2
DA:17,2
DA:18,2
DA:19,1
DA:20,1
DA:21,2
DA:22,2
DA:23,2
DA:24,2
DA:25,1
DA:26,1
DA:27,2
DA:28,2
DA:29,2
DA:30,2
DA:31,2
DA:32,2
DA:33,2
DA:34,2
DA:35,1
DA:36,1
DA:37,1
DA:38,1
DA:39,2
DA:40,2
DA:41,2
DA:42,2
DA:43,2
DA:46,0
DA:47,0
DA:48,0
DA:49,0
DA:50,0
DA:51,0
DA:52,0
DA:53,0
DA:54,0
DA:55,0
DA:56,0
DA:57,0
DA:58,0
DA:59,0
DA:60,0
DA:61,0
DA:62,0
DA:63,0
DA:64,0
DA:65,0
DA:66,0
DA:67,0
DA:68,0
DA:69,0
DA:70,0
DA:71,0
DA:72,0
DA:73,0
DA:74,0
DA:75,0
DA:76,0
DA:77,0
DA:78,0
DA:79,0
LF:68
LH:34
end_of_record
SF:lib\src\core\data\models\forecast.dart
DA:11,1
DA:15,2
DA:17,0
LF:3
LH:2
end_of_record
SF:lib\src\core\data\models\forecast.g.dart
DA:9,1
DA:10,1
DA:11,1
DA:12,3
DA:13,1
DA:16,0
DA:17,0
DA:18,0
LF:8
LH:5
end_of_record
SF:lib\src\core\data\models\location.dart
DA:24,1
DA:35,2
DA:37,0
LF:3
LH:2
end_of_record
SF:lib\src\core\data\models\location.g.dart
DA:9,1
DA:10,1
DA:11,1
DA:12,1
DA:13,1
DA:14,2
DA:15,2
DA:16,1
DA:17,1
DA:18,1
DA:21,0
DA:22,0
DA:23,0
DA:24,0
DA:25,0
DA:26,0
DA:27,0
DA:28,0
DA:29,0
DA:30,0
LF:20
LH:10
end_of_record
SF:lib\src\core\domain\entites\current_weather.dart
DA:14,0
LF:1
LH:0
end_of_record
SF:lib\src\core\domain\entites\hour.dart
DA:6,0
LF:1
LH:0
end_of_record
